<?xml version="1.0" encoding="UTF-8"?>
<!-- Generated by org.testng.reporters.JUnitReportReporter -->
<testsuite hostname="Saran" failures="0" tests="1" name="tests.CheckOutTest" time="12.444" errors="0" timestamp="2025-07-09T15:59:22 IST" skipped="0">
  <testcase classname="tests.CheckOutTest" name="checkOutTest" time="12.444"/>
</testsuite> <!-- tests.CheckOutTest -->
