<?xml version="1.0" encoding="UTF-8"?>
<!-- Generated by org.testng.reporters.JUnitReportReporter -->
<testsuite hostname="Saran" failures="0" tests="1" name="tests.LogoutTest" time="3.526" errors="0" timestamp="2025-07-09T15:59:22 IST" skipped="0">
  <testcase classname="tests.LogoutTest" name="logoutTest" time="3.526"/>
</testsuite> <!-- tests.LogoutTest -->
