<?xml version="1.0" encoding="UTF-8"?>
<!-- Generated by org.testng.reporters.JUnitReportReporter -->
<testsuite hostname="Saran" failures="0" tests="1" name="tests.ProductTest" time="7.083" errors="0" timestamp="2025-07-09T15:59:22 IST" skipped="0">
  <testcase classname="tests.ProductTest" name="productPageTest" time="7.083"/>
</testsuite> <!-- tests.ProductTest -->
