<?xml version="1.0" encoding="UTF-8"?>
<!-- Generated by org.testng.reporters.JUnitReportReporter -->
<testsuite hostname="Saran" failures="0" tests="1" name="tests.ProductTest" time="5.399" errors="0" timestamp="2025-07-09T16:22:02 IST" skipped="0">
  <testcase classname="tests.ProductTest" name="productPageTest" time="5.399"/>
</testsuite> <!-- tests.ProductTest -->
