<?xml version="1.0" encoding="UTF-8"?>
<!-- Generated by org.testng.reporters.JUnitReportReporter -->
<testsuite hostname="Saran" failures="0" tests="1" name="tests.LoginTest" time="7.280" errors="0" timestamp="2025-07-09T16:22:02 IST" skipped="0">
  <testcase classname="tests.LoginTest" name="swaglabsLoginTest" time="7.280"/>
</testsuite> <!-- tests.LoginTest -->
