<?xml version="1.0" encoding="UTF-8"?>
<!-- Generated by org.testng.reporters.JUnitReportReporter -->
<testsuite hostname="Saran" failures="0" tests="1" name="tests.CheckOutTest" time="12.789" errors="0" timestamp="2025-07-09T16:22:02 IST" skipped="0">
  <testcase classname="tests.CheckOutTest" name="checkOutTest" time="12.789"/>
</testsuite> <!-- tests.CheckOutTest -->
